[16-Feb-2025 22:21:56 Europe/Berlin] Error in my-results.php: SQLSTATE[42S22]: Column not found: 1054 Unknown column 'ea.correct_answers' in 'field list'
[16-Feb-2025 22:22:10 Europe/Berlin] Error in my-results.php: SQLSTATE[42S22]: Column not found: 1054 Unknown column 'ea.correct_answers' in 'field list'
[16-Feb-2025 22:22:17 Europe/Berlin] Error in my-results.php: SQLSTATE[42S22]: Column not found: 1054 Unknown column 'ea.correct_answers' in 'field list'
[16-Feb-2025 22:22:37 Europe/Berlin] Error in exam-completed.php: SQLSTATE[42S22]: Column not found: 1054 Unknown column 'ea.correct_answers' in 'field list'
[16-Feb-2025 22:24:08 Europe/Berlin] Error in take-exam.php: SQLSTATE[42S22]: Column not found: 1054 Unknown column 'q.question_order' in 'order clause'
[16-Feb-2025 22:24:12 Europe/Berlin] Error in take-exam.php: SQLSTATE[42S22]: Column not found: 1054 Unknown column 'q.question_order' in 'order clause'
[16-Feb-2025 22:26:38 Europe/Berlin] Error in take-exam.php: SQLSTATE[42S22]: Column not found: 1054 Unknown column 'q.question_order' in 'order clause'
[16-Feb-2025 22:26:42 Europe/Berlin] Error in take-exam.php: SQLSTATE[42S22]: Column not found: 1054 Unknown column 'q.question_order' in 'order clause'
[16-Feb-2025 22:26:46 Europe/Berlin] Error in take-exam.php: SQLSTATE[42S22]: Column not found: 1054 Unknown column 'q.question_order' in 'order clause'
[16-Feb-2025 22:35:29 Europe/Berlin] PHP Warning:  ini_set(): Session ini settings cannot be changed when a session is active in C:\xampp\htdocs\Quiztify\includes\session.php on line 3
[16-Feb-2025 22:35:29 Europe/Berlin] PHP Warning:  ini_set(): Session ini settings cannot be changed when a session is active in C:\xampp\htdocs\Quiztify\includes\session.php on line 4
[16-Feb-2025 22:35:29 Europe/Berlin] PHP Warning:  ini_set(): Session ini settings cannot be changed when a session is active in C:\xampp\htdocs\Quiztify\includes\session.php on line 5
[16-Feb-2025 22:35:29 Europe/Berlin] Error [8192]: Constant FILTER_SANITIZE_STRING is deprecated in C:\xampp\htdocs\Quiztify\login_process.php on line 13
[16-Feb-2025 22:35:30 Europe/Berlin] Error [2]: Undefined array key "user_name" in C:\xampp\htdocs\Quiztify\teacher\dashboard.php on line 264
[16-Feb-2025 22:35:30 Europe/Berlin] Error [8192]: htmlspecialchars(): Passing null to parameter #1 ($string) of type string is deprecated in C:\xampp\htdocs\Quiztify\teacher\dashboard.php on line 264
[16-Feb-2025 22:35:38 Europe/Berlin] Error [8192]: number_format(): Passing null to parameter #1 ($num) of type float is deprecated in C:\xampp\htdocs\Quiztify\teacher\results.php on line 212
[16-Feb-2025 22:35:38 Europe/Berlin] Error [8192]: strtotime(): Passing null to parameter #1 ($datetime) of type string is deprecated in C:\xampp\htdocs\Quiztify\teacher\results.php on line 219
[16-Feb-2025 22:35:38 Europe/Berlin] Error [8192]: strtotime(): Passing null to parameter #1 ($datetime) of type string is deprecated in C:\xampp\htdocs\Quiztify\teacher\results.php on line 222
[16-Feb-2025 22:35:38 Europe/Berlin] Error [8192]: number_format(): Passing null to parameter #1 ($num) of type float is deprecated in C:\xampp\htdocs\Quiztify\teacher\results.php on line 212
[16-Feb-2025 22:35:38 Europe/Berlin] Error [8192]: strtotime(): Passing null to parameter #1 ($datetime) of type string is deprecated in C:\xampp\htdocs\Quiztify\teacher\results.php on line 219
[16-Feb-2025 22:35:38 Europe/Berlin] Error [8192]: strtotime(): Passing null to parameter #1 ($datetime) of type string is deprecated in C:\xampp\htdocs\Quiztify\teacher\results.php on line 222
[16-Feb-2025 22:37:35 Europe/Berlin] Error [8192]: strtotime(): Passing null to parameter #1 ($datetime) of type string is deprecated in C:\xampp\htdocs\Quiztify\teacher\view-exam.php on line 252
[16-Feb-2025 22:37:35 Europe/Berlin] Error [8192]: number_format(): Passing null to parameter #1 ($num) of type float is deprecated in C:\xampp\htdocs\Quiztify\teacher\view-exam.php on line 254
[16-Feb-2025 22:37:42 Europe/Berlin] Error [8192]: strtotime(): Passing null to parameter #1 ($datetime) of type string is deprecated in C:\xampp\htdocs\Quiztify\teacher\view-exam.php on line 252
[16-Feb-2025 22:37:42 Europe/Berlin] Error [8192]: number_format(): Passing null to parameter #1 ($num) of type float is deprecated in C:\xampp\htdocs\Quiztify\teacher\view-exam.php on line 254
[16-Feb-2025 22:37:44 Europe/Berlin] Error [2]: Undefined array key "user_name" in C:\xampp\htdocs\Quiztify\teacher\dashboard.php on line 264
[16-Feb-2025 22:37:44 Europe/Berlin] Error [8192]: htmlspecialchars(): Passing null to parameter #1 ($string) of type string is deprecated in C:\xampp\htdocs\Quiztify\teacher\dashboard.php on line 264
[16-Feb-2025 22:37:47 Europe/Berlin] Error [8192]: number_format(): Passing null to parameter #1 ($num) of type float is deprecated in C:\xampp\htdocs\Quiztify\teacher\results.php on line 212
[16-Feb-2025 22:37:47 Europe/Berlin] Error [8192]: strtotime(): Passing null to parameter #1 ($datetime) of type string is deprecated in C:\xampp\htdocs\Quiztify\teacher\results.php on line 219
[16-Feb-2025 22:37:47 Europe/Berlin] Error [8192]: strtotime(): Passing null to parameter #1 ($datetime) of type string is deprecated in C:\xampp\htdocs\Quiztify\teacher\results.php on line 222
[16-Feb-2025 22:37:47 Europe/Berlin] Error [8192]: number_format(): Passing null to parameter #1 ($num) of type float is deprecated in C:\xampp\htdocs\Quiztify\teacher\results.php on line 212
[16-Feb-2025 22:37:47 Europe/Berlin] Error [8192]: strtotime(): Passing null to parameter #1 ($datetime) of type string is deprecated in C:\xampp\htdocs\Quiztify\teacher\results.php on line 219
[16-Feb-2025 22:37:47 Europe/Berlin] Error [8192]: strtotime(): Passing null to parameter #1 ($datetime) of type string is deprecated in C:\xampp\htdocs\Quiztify\teacher\results.php on line 222
[16-Feb-2025 22:38:17 Europe/Berlin] Error [2]: Undefined array key "user_name" in C:\xampp\htdocs\Quiztify\teacher\dashboard.php on line 264
[16-Feb-2025 22:38:17 Europe/Berlin] Error [8192]: htmlspecialchars(): Passing null to parameter #1 ($string) of type string is deprecated in C:\xampp\htdocs\Quiztify\teacher\dashboard.php on line 264
[16-Feb-2025 22:38:27 Europe/Berlin] Error [8192]: number_format(): Passing null to parameter #1 ($num) of type float is deprecated in C:\xampp\htdocs\Quiztify\teacher\results.php on line 212
[16-Feb-2025 22:38:27 Europe/Berlin] Error [8192]: strtotime(): Passing null to parameter #1 ($datetime) of type string is deprecated in C:\xampp\htdocs\Quiztify\teacher\results.php on line 219
[16-Feb-2025 22:38:27 Europe/Berlin] Error [8192]: strtotime(): Passing null to parameter #1 ($datetime) of type string is deprecated in C:\xampp\htdocs\Quiztify\teacher\results.php on line 222
[16-Feb-2025 22:38:27 Europe/Berlin] Error [8192]: number_format(): Passing null to parameter #1 ($num) of type float is deprecated in C:\xampp\htdocs\Quiztify\teacher\results.php on line 212
[16-Feb-2025 22:38:27 Europe/Berlin] Error [8192]: strtotime(): Passing null to parameter #1 ($datetime) of type string is deprecated in C:\xampp\htdocs\Quiztify\teacher\results.php on line 219
[16-Feb-2025 22:38:27 Europe/Berlin] Error [8192]: strtotime(): Passing null to parameter #1 ($datetime) of type string is deprecated in C:\xampp\htdocs\Quiztify\teacher\results.php on line 222
[16-Feb-2025 22:41:11 Europe/Berlin] Error [8192]: strtotime(): Passing null to parameter #1 ($datetime) of type string is deprecated in C:\xampp\htdocs\Quiztify\teacher\view-exam.php on line 252
[16-Feb-2025 22:41:11 Europe/Berlin] Error [8192]: number_format(): Passing null to parameter #1 ($num) of type float is deprecated in C:\xampp\htdocs\Quiztify\teacher\view-exam.php on line 254
[16-Feb-2025 22:41:16 Europe/Berlin] Error [8192]: strtotime(): Passing null to parameter #1 ($datetime) of type string is deprecated in C:\xampp\htdocs\Quiztify\teacher\view-exam.php on line 252
[16-Feb-2025 22:41:17 Europe/Berlin] Error [8192]: number_format(): Passing null to parameter #1 ($num) of type float is deprecated in C:\xampp\htdocs\Quiztify\teacher\view-exam.php on line 254
[16-Feb-2025 22:41:18 Europe/Berlin] Error [8192]: strtotime(): Passing null to parameter #1 ($datetime) of type string is deprecated in C:\xampp\htdocs\Quiztify\teacher\view-attempt.php on line 345
[16-Feb-2025 22:41:18 Europe/Berlin] Error [8192]: number_format(): Passing null to parameter #1 ($num) of type float is deprecated in C:\xampp\htdocs\Quiztify\teacher\view-attempt.php on line 349
[16-Feb-2025 22:41:35 Europe/Berlin] Error [8192]: strtotime(): Passing null to parameter #1 ($datetime) of type string is deprecated in C:\xampp\htdocs\Quiztify\teacher\view-attempt.php on line 345
[16-Feb-2025 22:41:35 Europe/Berlin] Error [8192]: number_format(): Passing null to parameter #1 ($num) of type float is deprecated in C:\xampp\htdocs\Quiztify\teacher\view-attempt.php on line 349
[16-Feb-2025 22:41:42 Europe/Berlin] Error [8192]: strtotime(): Passing null to parameter #1 ($datetime) of type string is deprecated in C:\xampp\htdocs\Quiztify\teacher\view-attempt.php on line 345
[16-Feb-2025 22:41:42 Europe/Berlin] Error [8192]: number_format(): Passing null to parameter #1 ($num) of type float is deprecated in C:\xampp\htdocs\Quiztify\teacher\view-attempt.php on line 349
[16-Feb-2025 22:41:43 Europe/Berlin] Error [8192]: strtotime(): Passing null to parameter #1 ($datetime) of type string is deprecated in C:\xampp\htdocs\Quiztify\teacher\view-attempt.php on line 345
[16-Feb-2025 22:41:43 Europe/Berlin] Error [8192]: number_format(): Passing null to parameter #1 ($num) of type float is deprecated in C:\xampp\htdocs\Quiztify\teacher\view-attempt.php on line 349
[16-Feb-2025 22:41:44 Europe/Berlin] Error [8192]: strtotime(): Passing null to parameter #1 ($datetime) of type string is deprecated in C:\xampp\htdocs\Quiztify\teacher\view-attempt.php on line 345
[16-Feb-2025 22:41:44 Europe/Berlin] Error [8192]: number_format(): Passing null to parameter #1 ($num) of type float is deprecated in C:\xampp\htdocs\Quiztify\teacher\view-attempt.php on line 349
[16-Feb-2025 22:41:44 Europe/Berlin] Error [8192]: strtotime(): Passing null to parameter #1 ($datetime) of type string is deprecated in C:\xampp\htdocs\Quiztify\teacher\view-attempt.php on line 345
[16-Feb-2025 22:41:44 Europe/Berlin] Error [8192]: number_format(): Passing null to parameter #1 ($num) of type float is deprecated in C:\xampp\htdocs\Quiztify\teacher\view-attempt.php on line 349
[16-Feb-2025 22:41:44 Europe/Berlin] Error [8192]: strtotime(): Passing null to parameter #1 ($datetime) of type string is deprecated in C:\xampp\htdocs\Quiztify\teacher\view-attempt.php on line 345
[16-Feb-2025 22:41:44 Europe/Berlin] Error [8192]: number_format(): Passing null to parameter #1 ($num) of type float is deprecated in C:\xampp\htdocs\Quiztify\teacher\view-attempt.php on line 349
[16-Feb-2025 22:41:44 Europe/Berlin] Error [8192]: strtotime(): Passing null to parameter #1 ($datetime) of type string is deprecated in C:\xampp\htdocs\Quiztify\teacher\view-attempt.php on line 345
[16-Feb-2025 22:41:44 Europe/Berlin] Error [8192]: number_format(): Passing null to parameter #1 ($num) of type float is deprecated in C:\xampp\htdocs\Quiztify\teacher\view-attempt.php on line 349
[16-Feb-2025 22:41:45 Europe/Berlin] Error [8192]: strtotime(): Passing null to parameter #1 ($datetime) of type string is deprecated in C:\xampp\htdocs\Quiztify\teacher\view-attempt.php on line 345
[16-Feb-2025 22:41:45 Europe/Berlin] Error [8192]: number_format(): Passing null to parameter #1 ($num) of type float is deprecated in C:\xampp\htdocs\Quiztify\teacher\view-attempt.php on line 349
[16-Feb-2025 22:41:47 Europe/Berlin] Error [8192]: strtotime(): Passing null to parameter #1 ($datetime) of type string is deprecated in C:\xampp\htdocs\Quiztify\teacher\view-exam.php on line 252
[16-Feb-2025 22:41:47 Europe/Berlin] Error [8192]: number_format(): Passing null to parameter #1 ($num) of type float is deprecated in C:\xampp\htdocs\Quiztify\teacher\view-exam.php on line 254
[16-Feb-2025 22:41:50 Europe/Berlin] Error [2]: Undefined array key "user_name" in C:\xampp\htdocs\Quiztify\teacher\dashboard.php on line 264
[16-Feb-2025 22:41:50 Europe/Berlin] Error [8192]: htmlspecialchars(): Passing null to parameter #1 ($string) of type string is deprecated in C:\xampp\htdocs\Quiztify\teacher\dashboard.php on line 264
[16-Feb-2025 22:42:07 Europe/Berlin] Error [8192]: number_format(): Passing null to parameter #1 ($num) of type float is deprecated in C:\xampp\htdocs\Quiztify\teacher\results.php on line 212
[16-Feb-2025 22:42:07 Europe/Berlin] Error [8192]: strtotime(): Passing null to parameter #1 ($datetime) of type string is deprecated in C:\xampp\htdocs\Quiztify\teacher\results.php on line 219
[16-Feb-2025 22:42:07 Europe/Berlin] Error [8192]: strtotime(): Passing null to parameter #1 ($datetime) of type string is deprecated in C:\xampp\htdocs\Quiztify\teacher\results.php on line 222
[16-Feb-2025 22:42:07 Europe/Berlin] Error [8192]: number_format(): Passing null to parameter #1 ($num) of type float is deprecated in C:\xampp\htdocs\Quiztify\teacher\results.php on line 212
[16-Feb-2025 22:42:07 Europe/Berlin] Error [8192]: strtotime(): Passing null to parameter #1 ($datetime) of type string is deprecated in C:\xampp\htdocs\Quiztify\teacher\results.php on line 219
[16-Feb-2025 22:42:07 Europe/Berlin] Error [8192]: strtotime(): Passing null to parameter #1 ($datetime) of type string is deprecated in C:\xampp\htdocs\Quiztify\teacher\results.php on line 222
[16-Feb-2025 22:42:10 Europe/Berlin] Error [2]: Undefined array key "user_name" in C:\xampp\htdocs\Quiztify\teacher\dashboard.php on line 264
[16-Feb-2025 22:42:10 Europe/Berlin] Error [8192]: htmlspecialchars(): Passing null to parameter #1 ($string) of type string is deprecated in C:\xampp\htdocs\Quiztify\teacher\dashboard.php on line 264
[16-Feb-2025 22:42:17 Europe/Berlin] Error [8192]: explode(): Passing null to parameter #2 ($string) of type string is deprecated in C:\xampp\htdocs\Quiztify\teacher\edit-exam.php on line 299
[16-Feb-2025 22:42:17 Europe/Berlin] Error [2]: Undefined array key 1 in C:\xampp\htdocs\Quiztify\teacher\edit-exam.php on line 301
[16-Feb-2025 22:42:17 Europe/Berlin] Error [2]: Undefined array key 2 in C:\xampp\htdocs\Quiztify\teacher\edit-exam.php on line 301
[16-Feb-2025 22:42:17 Europe/Berlin] Error [8192]: htmlspecialchars(): Passing null to parameter #1 ($string) of type string is deprecated in C:\xampp\htdocs\Quiztify\teacher\edit-exam.php on line 305
[16-Feb-2025 22:44:39 Europe/Berlin] Error [8192]: strtotime(): Passing null to parameter #1 ($datetime) of type string is deprecated in C:\xampp\htdocs\Quiztify\teacher\view-exam.php on line 252
[16-Feb-2025 22:44:39 Europe/Berlin] Error [8192]: number_format(): Passing null to parameter #1 ($num) of type float is deprecated in C:\xampp\htdocs\Quiztify\teacher\view-exam.php on line 254
[16-Feb-2025 22:48:10 Europe/Berlin] Error [2]: Undefined array key "user_name" in C:\xampp\htdocs\Quiztify\teacher\dashboard.php on line 264
[16-Feb-2025 22:48:10 Europe/Berlin] Error [8192]: htmlspecialchars(): Passing null to parameter #1 ($string) of type string is deprecated in C:\xampp\htdocs\Quiztify\teacher\dashboard.php on line 264
[16-Feb-2025 22:48:25 Europe/Berlin] PHP Warning:  ini_set(): Session ini settings cannot be changed when a session is active in C:\xampp\htdocs\Quiztify\includes\session.php on line 3
[16-Feb-2025 22:48:25 Europe/Berlin] PHP Warning:  ini_set(): Session ini settings cannot be changed when a session is active in C:\xampp\htdocs\Quiztify\includes\session.php on line 4
[16-Feb-2025 22:48:25 Europe/Berlin] PHP Warning:  ini_set(): Session ini settings cannot be changed when a session is active in C:\xampp\htdocs\Quiztify\includes\session.php on line 5
[16-Feb-2025 22:48:25 Europe/Berlin] Error [8192]: Constant FILTER_SANITIZE_STRING is deprecated in C:\xampp\htdocs\Quiztify\login_process.php on line 13
[16-Feb-2025 22:48:43 Europe/Berlin] PHP Warning:  ini_set(): Session ini settings cannot be changed when a session is active in C:\xampp\htdocs\Quiztify\includes\session.php on line 3
[16-Feb-2025 22:48:43 Europe/Berlin] PHP Warning:  ini_set(): Session ini settings cannot be changed when a session is active in C:\xampp\htdocs\Quiztify\includes\session.php on line 4
[16-Feb-2025 22:48:43 Europe/Berlin] PHP Warning:  ini_set(): Session ini settings cannot be changed when a session is active in C:\xampp\htdocs\Quiztify\includes\session.php on line 5
[16-Feb-2025 22:48:43 Europe/Berlin] Error [8192]: Constant FILTER_SANITIZE_STRING is deprecated in C:\xampp\htdocs\Quiztify\login_process.php on line 13
[16-Feb-2025 22:48:44 Europe/Berlin] Error [2]: Undefined array key "user_name" in C:\xampp\htdocs\Quiztify\teacher\dashboard.php on line 264
[16-Feb-2025 22:48:44 Europe/Berlin] Error [8192]: htmlspecialchars(): Passing null to parameter #1 ($string) of type string is deprecated in C:\xampp\htdocs\Quiztify\teacher\dashboard.php on line 264
[16-Feb-2025 22:50:42 Europe/Berlin] PHP Warning:  ini_set(): Session ini settings cannot be changed when a session is active in C:\xampp\htdocs\Quiztify\includes\session.php on line 3
[16-Feb-2025 22:50:42 Europe/Berlin] PHP Warning:  ini_set(): Session ini settings cannot be changed when a session is active in C:\xampp\htdocs\Quiztify\includes\session.php on line 4
[16-Feb-2025 22:50:42 Europe/Berlin] PHP Warning:  ini_set(): Session ini settings cannot be changed when a session is active in C:\xampp\htdocs\Quiztify\includes\session.php on line 5
[16-Feb-2025 22:50:42 Europe/Berlin] Error [8192]: Constant FILTER_SANITIZE_STRING is deprecated in C:\xampp\htdocs\Quiztify\login_process.php on line 13
[16-Feb-2025 22:51:11 Europe/Berlin] PHP Warning:  ini_set(): Session ini settings cannot be changed when a session is active in C:\xampp\htdocs\Quiztify\includes\session.php on line 3
[16-Feb-2025 22:51:11 Europe/Berlin] PHP Warning:  ini_set(): Session ini settings cannot be changed when a session is active in C:\xampp\htdocs\Quiztify\includes\session.php on line 4
[16-Feb-2025 22:51:11 Europe/Berlin] PHP Warning:  ini_set(): Session ini settings cannot be changed when a session is active in C:\xampp\htdocs\Quiztify\includes\session.php on line 5
[16-Feb-2025 22:51:11 Europe/Berlin] Error [8192]: Constant FILTER_SANITIZE_STRING is deprecated in C:\xampp\htdocs\Quiztify\login_process.php on line 13
[16-Feb-2025 22:51:12 Europe/Berlin] Error [2]: Undefined array key "user_name" in C:\xampp\htdocs\Quiztify\teacher\dashboard.php on line 264
[16-Feb-2025 22:51:12 Europe/Berlin] Error [8192]: htmlspecialchars(): Passing null to parameter #1 ($string) of type string is deprecated in C:\xampp\htdocs\Quiztify\teacher\dashboard.php on line 264
[16-Feb-2025 22:51:17 Europe/Berlin] Error [8192]: explode(): Passing null to parameter #2 ($string) of type string is deprecated in C:\xampp\htdocs\Quiztify\teacher\edit-exam.php on line 299
[16-Feb-2025 22:51:17 Europe/Berlin] Error [2]: Undefined array key 1 in C:\xampp\htdocs\Quiztify\teacher\edit-exam.php on line 301
[16-Feb-2025 22:51:17 Europe/Berlin] Error [2]: Undefined array key 2 in C:\xampp\htdocs\Quiztify\teacher\edit-exam.php on line 301
[16-Feb-2025 22:51:17 Europe/Berlin] Error [8192]: htmlspecialchars(): Passing null to parameter #1 ($string) of type string is deprecated in C:\xampp\htdocs\Quiztify\teacher\edit-exam.php on line 305
[16-Feb-2025 22:52:09 Europe/Berlin] PHP Warning:  ini_set(): Session ini settings cannot be changed when a session is active in C:\xampp\htdocs\Quiztify\includes\session.php on line 3
[16-Feb-2025 22:52:09 Europe/Berlin] PHP Warning:  ini_set(): Session ini settings cannot be changed when a session is active in C:\xampp\htdocs\Quiztify\includes\session.php on line 4
[16-Feb-2025 22:52:09 Europe/Berlin] PHP Warning:  ini_set(): Session ini settings cannot be changed when a session is active in C:\xampp\htdocs\Quiztify\includes\session.php on line 5
[16-Feb-2025 22:52:09 Europe/Berlin] Error [8192]: Constant FILTER_SANITIZE_STRING is deprecated in C:\xampp\htdocs\Quiztify\login_process.php on line 13
[16-Feb-2025 22:52:57 Europe/Berlin] PHP Warning:  ini_set(): Session ini settings cannot be changed when a session is active in C:\xampp\htdocs\Quiztify\includes\session.php on line 3
[16-Feb-2025 22:52:57 Europe/Berlin] PHP Warning:  ini_set(): Session ini settings cannot be changed when a session is active in C:\xampp\htdocs\Quiztify\includes\session.php on line 4
[16-Feb-2025 22:52:57 Europe/Berlin] PHP Warning:  ini_set(): Session ini settings cannot be changed when a session is active in C:\xampp\htdocs\Quiztify\includes\session.php on line 5
[16-Feb-2025 22:52:57 Europe/Berlin] Error [8192]: Constant FILTER_SANITIZE_STRING is deprecated in C:\xampp\htdocs\Quiztify\login_process.php on line 13
[16-Feb-2025 22:52:58 Europe/Berlin] Error [2]: Undefined array key "user_name" in C:\xampp\htdocs\Quiztify\teacher\dashboard.php on line 264
[16-Feb-2025 22:52:58 Europe/Berlin] Error [8192]: htmlspecialchars(): Passing null to parameter #1 ($string) of type string is deprecated in C:\xampp\htdocs\Quiztify\teacher\dashboard.php on line 264
[16-Feb-2025 22:53:38 Europe/Berlin] PHP Warning:  ini_set(): Session ini settings cannot be changed when a session is active in C:\xampp\htdocs\Quiztify\includes\session.php on line 3
[16-Feb-2025 22:53:38 Europe/Berlin] PHP Warning:  ini_set(): Session ini settings cannot be changed when a session is active in C:\xampp\htdocs\Quiztify\includes\session.php on line 4
[16-Feb-2025 22:53:38 Europe/Berlin] PHP Warning:  ini_set(): Session ini settings cannot be changed when a session is active in C:\xampp\htdocs\Quiztify\includes\session.php on line 5
[16-Feb-2025 22:53:38 Europe/Berlin] Error [8192]: Constant FILTER_SANITIZE_STRING is deprecated in C:\xampp\htdocs\Quiztify\login_process.php on line 13
[16-Feb-2025 22:55:42 Europe/Berlin] Error in take-exam.php: You have reached the maximum number of attempts for this exam.
[16-Feb-2025 22:55:56 Europe/Berlin] PHP Warning:  ini_set(): Session ini settings cannot be changed when a session is active in C:\xampp\htdocs\Quiztify\includes\session.php on line 3
[16-Feb-2025 22:55:56 Europe/Berlin] PHP Warning:  ini_set(): Session ini settings cannot be changed when a session is active in C:\xampp\htdocs\Quiztify\includes\session.php on line 4
[16-Feb-2025 22:55:56 Europe/Berlin] PHP Warning:  ini_set(): Session ini settings cannot be changed when a session is active in C:\xampp\htdocs\Quiztify\includes\session.php on line 5
[16-Feb-2025 22:55:56 Europe/Berlin] Error [8192]: Constant FILTER_SANITIZE_STRING is deprecated in C:\xampp\htdocs\Quiztify\login_process.php on line 13
[16-Feb-2025 22:55:57 Europe/Berlin] Error [2]: Undefined array key "user_name" in C:\xampp\htdocs\Quiztify\teacher\dashboard.php on line 264
[16-Feb-2025 22:55:57 Europe/Berlin] Error [8192]: htmlspecialchars(): Passing null to parameter #1 ($string) of type string is deprecated in C:\xampp\htdocs\Quiztify\teacher\dashboard.php on line 264
[16-Feb-2025 22:56:03 Europe/Berlin] Error [8192]: number_format(): Passing null to parameter #1 ($num) of type float is deprecated in C:\xampp\htdocs\Quiztify\teacher\results.php on line 212
[16-Feb-2025 22:56:03 Europe/Berlin] Error [8192]: strtotime(): Passing null to parameter #1 ($datetime) of type string is deprecated in C:\xampp\htdocs\Quiztify\teacher\results.php on line 219
[16-Feb-2025 22:56:03 Europe/Berlin] Error [8192]: strtotime(): Passing null to parameter #1 ($datetime) of type string is deprecated in C:\xampp\htdocs\Quiztify\teacher\results.php on line 222
[16-Feb-2025 22:57:01 Europe/Berlin] Error [2]: Undefined array key "user_name" in C:\xampp\htdocs\Quiztify\teacher\dashboard.php on line 264
[16-Feb-2025 22:57:01 Europe/Berlin] Error [8192]: htmlspecialchars(): Passing null to parameter #1 ($string) of type string is deprecated in C:\xampp\htdocs\Quiztify\teacher\dashboard.php on line 264
[16-Feb-2025 22:57:06 Europe/Berlin] Error [8192]: strtotime(): Passing null to parameter #1 ($datetime) of type string is deprecated in C:\xampp\htdocs\Quiztify\teacher\profile.php on line 329
[16-Feb-2025 22:57:09 Europe/Berlin] Error [8192]: strtotime(): Passing null to parameter #1 ($datetime) of type string is deprecated in C:\xampp\htdocs\Quiztify\teacher\profile.php on line 329
[16-Feb-2025 22:58:59 Europe/Berlin] Error [2]: Undefined array key "user_name" in C:\xampp\htdocs\Quiztify\teacher\dashboard.php on line 264
[16-Feb-2025 22:58:59 Europe/Berlin] Error [8192]: htmlspecialchars(): Passing null to parameter #1 ($string) of type string is deprecated in C:\xampp\htdocs\Quiztify\teacher\dashboard.php on line 264
[16-Feb-2025 23:20:41 Europe/Berlin] Error [2]: require_once(../includes/db.php): Failed to open stream: No such file or directory in C:\xampp\htdocs\Quiztify\register.php on line 2
[16-Feb-2025 23:20:41 Europe/Berlin] PHP Fatal error:  Uncaught Error: Failed opening required '../includes/db.php' (include_path='C:\xampp\php\PEAR') in C:\xampp\htdocs\Quiztify\register.php:2
Stack trace:
#0 C:\xampp\htdocs\Quiztify\index.php(26): include_once()
#1 {main}
  thrown in C:\xampp\htdocs\Quiztify\register.php on line 2
[16-Feb-2025 23:20:47 Europe/Berlin] Error [2]: require_once(../includes/db.php): Failed to open stream: No such file or directory in C:\xampp\htdocs\Quiztify\register.php on line 2
[16-Feb-2025 23:20:47 Europe/Berlin] PHP Fatal error:  Uncaught Error: Failed opening required '../includes/db.php' (include_path='C:\xampp\php\PEAR') in C:\xampp\htdocs\Quiztify\register.php:2
Stack trace:
#0 C:\xampp\htdocs\Quiztify\index.php(26): include_once()
#1 {main}
  thrown in C:\xampp\htdocs\Quiztify\register.php on line 2
[16-Feb-2025 23:20:54 Europe/Berlin] Error [2]: require_once(../includes/db.php): Failed to open stream: No such file or directory in C:\xampp\htdocs\Quiztify\register.php on line 2
[16-Feb-2025 23:20:54 Europe/Berlin] PHP Fatal error:  Uncaught Error: Failed opening required '../includes/db.php' (include_path='C:\xampp\php\PEAR') in C:\xampp\htdocs\Quiztify\register.php:2
Stack trace:
#0 C:\xampp\htdocs\Quiztify\index.php(26): include_once()
#1 {main}
  thrown in C:\xampp\htdocs\Quiztify\register.php on line 2
[16-Feb-2025 23:21:01 Europe/Berlin] Error [2]: require_once(../includes/db.php): Failed to open stream: No such file or directory in C:\xampp\htdocs\Quiztify\register.php on line 2
[16-Feb-2025 23:21:01 Europe/Berlin] PHP Fatal error:  Uncaught Error: Failed opening required '../includes/db.php' (include_path='C:\xampp\php\PEAR') in C:\xampp\htdocs\Quiztify\register.php:2
Stack trace:
#0 C:\xampp\htdocs\Quiztify\index.php(26): include_once()
#1 {main}
  thrown in C:\xampp\htdocs\Quiztify\register.php on line 2
[16-Feb-2025 23:21:05 Europe/Berlin] Error [2]: require_once(../includes/db.php): Failed to open stream: No such file or directory in C:\xampp\htdocs\Quiztify\register.php on line 2
[16-Feb-2025 23:21:05 Europe/Berlin] PHP Fatal error:  Uncaught Error: Failed opening required '../includes/db.php' (include_path='C:\xampp\php\PEAR') in C:\xampp\htdocs\Quiztify\register.php:2
Stack trace:
#0 C:\xampp\htdocs\Quiztify\index.php(26): include_once()
#1 {main}
  thrown in C:\xampp\htdocs\Quiztify\register.php on line 2
[19-Feb-2025 16:51:48 Europe/Berlin] Error [8]: session_start(): Ignoring session_start() because a session is already active in C:\xampp\htdocs\Quiztify\login.php on line 2
[19-Feb-2025 16:51:56 Europe/Berlin] Error [8]: session_start(): Ignoring session_start() because a session is already active in C:\xampp\htdocs\Quiztify\login.php on line 2
[19-Feb-2025 16:51:59 Europe/Berlin] Error [8]: session_start(): Ignoring session_start() because a session is already active in C:\xampp\htdocs\Quiztify\login.php on line 2
[19-Feb-2025 16:52:04 Europe/Berlin] Error [8]: session_start(): Ignoring session_start() because a session is already active in C:\xampp\htdocs\Quiztify\login.php on line 2
